TN:
SF:src/controllers/auth.controller.ts
FN:10,(anonymous_1)
FN:69,(anonymous_2)
FNF:2
FNH:2
FNDA:3,(anonymous_1)
FNDA:3,(anonymous_2)
DA:2,1
DA:3,1
DA:4,1
DA:5,1
DA:10,1
DA:11,3
DA:12,3
DA:15,3
DA:18,3
DA:21,2
DA:24,2
DA:27,1
DA:28,1
DA:31,1
DA:43,1
DA:49,1
DA:62,2
DA:69,1
DA:70,3
DA:71,3
DA:72,3
DA:76,3
DA:78,2
DA:79,2
DA:81,1
DA:87,1
DA:100,2
LF:27
LH:27
BRDA:18,0,0,1
BRDA:24,1,0,1
BRDA:76,2,0,1
BRDA:79,3,0,1
BRF:4
BRH:4
end_of_record
TN:
SF:src/controllers/caregiver.controller.ts
FN:8,verifyShiftOwnership
FN:19,(anonymous_1)
FN:54,(anonymous_2)
FN:80,(anonymous_3)
FN:108,(anonymous_4)
FNF:5
FNH:5
FNDA:7,verifyShiftOwnership
FNDA:2,(anonymous_1)
FNDA:4,(anonymous_2)
FNDA:5,(anonymous_3)
FNDA:3,(anonymous_4)
DA:2,1
DA:3,1
DA:9,7
DA:12,7
DA:13,5
DA:19,1
DA:20,2
DA:21,2
DA:22,2
DA:24,1
DA:45,1
DA:47,1
DA:54,1
DA:55,4
DA:56,4
DA:57,4
DA:58,4
DA:60,3
DA:62,2
DA:65,2
DA:67,1
DA:71,1
DA:73,3
DA:80,1
DA:81,5
DA:82,5
DA:83,5
DA:84,5
DA:86,4
DA:88,3
DA:91,3
DA:93,2
DA:96,2
DA:98,1
DA:102,1
DA:104,4
DA:108,1
DA:109,3
DA:110,3
DA:113,3
DA:114,3
DA:117,2
DA:118,2
DA:120,1
DA:128,1
DA:130,2
LF:46
LH:46
BRDA:12,0,0,2
BRDA:22,1,0,1
BRDA:58,2,0,1
BRDA:65,3,0,1
BRDA:84,4,0,1
BRDA:91,5,0,1
BRDA:96,6,0,1
BRDA:114,7,0,1
BRDA:118,8,0,1
BRF:9
BRH:9
end_of_record
TN:
SF:src/controllers/client.controller.ts
FN:8,(anonymous_0)
FN:28,(anonymous_1)
FN:47,(anonymous_2)
FN:62,(anonymous_3)
FN:79,(anonymous_4)
FNF:5
FNH:5
FNDA:2,(anonymous_0)
FNDA:2,(anonymous_1)
FNDA:1,(anonymous_2)
FNDA:1,(anonymous_3)
FNDA:1,(anonymous_4)
DA:2,1
DA:3,1
DA:8,1
DA:9,2
DA:10,2
DA:11,2
DA:19,2
DA:21,0
DA:28,1
DA:29,2
DA:30,2
DA:31,2
DA:37,2
DA:38,1
DA:40,1
DA:47,1
DA:48,1
DA:49,1
DA:50,1
DA:53,1
DA:55,0
DA:62,1
DA:63,1
DA:64,1
DA:65,1
DA:66,1
DA:70,1
DA:72,0
DA:79,1
DA:80,1
DA:81,1
DA:82,1
DA:85,1
DA:87,0
LF:34
LH:30
BRDA:10,0,0,0
BRDA:10,1,0,0
BRDA:10,2,0,1
BRDA:10,3,0,1
BRDA:10,4,0,2
BRDA:10,4,1,0
BRDA:37,5,0,1
BRF:7
BRH:4
end_of_record
TN:
SF:src/controllers/role.controller.ts
FN:8,(anonymous_0)
FN:30,(anonymous_1)
FN:51,(anonymous_2)
FN:66,(anonymous_3)
FN:86,(anonymous_4)
FNF:5
FNH:5
FNDA:2,(anonymous_0)
FNDA:2,(anonymous_1)
FNDA:2,(anonymous_2)
FNDA:3,(anonymous_3)
FNDA:3,(anonymous_4)
DA:2,1
DA:3,1
DA:8,1
DA:9,2
DA:10,2
DA:11,2
DA:21,2
DA:23,0
DA:30,1
DA:31,2
DA:32,2
DA:33,2
DA:41,2
DA:42,1
DA:44,1
DA:51,1
DA:52,2
DA:53,2
DA:54,2
DA:55,2
DA:56,1
DA:57,1
DA:59,1
DA:66,1
DA:67,3
DA:68,3
DA:69,3
DA:70,3
DA:71,3
DA:72,2
DA:73,2
DA:74,2
DA:76,1
DA:77,1
DA:79,2
DA:86,1
DA:87,3
DA:88,3
DA:89,3
DA:93,3
DA:94,2
DA:95,1
DA:96,1
DA:98,2
LF:44
LH:43
BRDA:10,0,0,0
BRDA:10,1,0,0
BRDA:10,2,0,1
BRDA:10,3,0,1
BRDA:10,4,0,2
BRDA:10,4,1,0
BRDA:41,5,0,1
BRDA:55,6,0,1
BRDA:71,7,0,1
BRDA:72,8,0,2
BRDA:74,9,0,1
BRDA:93,10,0,1
BRDA:94,11,0,1
BRF:13
BRH:10
end_of_record
TN:
SF:src/controllers/shift.controller.ts
FN:8,(anonymous_0)
FN:39,(anonymous_1)
FN:77,(anonymous_2)
FN:124,(anonymous_3)
FN:161,(anonymous_4)
FN:174,(anonymous_5)
FNF:6
FNH:6
FNDA:2,(anonymous_0)
FNDA:2,(anonymous_1)
FNDA:3,(anonymous_2)
FNDA:2,(anonymous_3)
FNDA:1,(anonymous_4)
FNDA:1,(anonymous_5)
DA:2,1
DA:3,1
DA:8,1
DA:9,2
DA:10,2
DA:11,2
DA:30,2
DA:32,0
DA:39,1
DA:40,2
DA:41,2
DA:42,2
DA:43,1
DA:44,1
DA:68,1
DA:70,1
DA:77,1
DA:78,3
DA:79,3
DA:82,3
DA:85,3
DA:88,2
DA:91,2
DA:93,1
DA:115,1
DA:117,2
DA:124,1
DA:125,2
DA:126,2
DA:127,2
DA:129,2
DA:152,2
DA:154,0
DA:161,1
DA:162,1
DA:163,1
DA:164,1
DA:167,1
DA:169,0
DA:174,1
DA:175,1
DA:176,1
DA:186,1
DA:188,0
LF:44
LH:40
BRDA:10,0,0,0
BRDA:10,1,0,0
BRDA:10,2,0,1
BRDA:10,3,0,1
BRDA:10,4,0,2
BRDA:10,4,1,0
BRDA:42,5,0,1
BRDA:43,6,0,0
BRDA:43,7,0,0
BRDA:43,8,0,1
BRDA:43,9,0,1
BRDA:43,10,0,1
BRDA:43,10,1,0
BRDA:85,11,0,1
BRDA:91,12,0,1
BRDA:96,13,0,1
BRDA:96,13,1,0
BRDA:97,14,0,1
BRDA:97,14,1,0
BRDA:132,15,0,1
BRDA:132,15,1,1
BRDA:133,16,0,1
BRDA:133,16,1,1
BRDA:134,17,0,1
BRDA:134,17,1,1
BRF:25
BRH:17
end_of_record
TN:
SF:src/controllers/user.controller.ts
FN:7,(anonymous_1)
FN:39,(anonymous_2)
FN:46,(anonymous_3)
FN:58,(anonymous_4)
FN:75,(anonymous_5)
FN:95,(anonymous_6)
FNF:6
FNH:6
FNDA:2,(anonymous_1)
FNDA:2,(anonymous_2)
FNDA:2,(anonymous_3)
FNDA:2,(anonymous_4)
FNDA:2,(anonymous_5)
FNDA:1,(anonymous_6)
DA:2,1
DA:3,1
DA:4,1
DA:7,1
DA:8,2
DA:9,2
DA:10,2
DA:11,2
DA:21,2
DA:39,2
DA:41,0
DA:46,1
DA:47,2
DA:48,2
DA:49,2
DA:50,2
DA:51,1
DA:53,1
DA:58,1
DA:59,2
DA:60,2
DA:61,2
DA:62,2
DA:63,1
DA:64,1
DA:68,1
DA:70,1
DA:75,1
DA:76,2
DA:77,2
DA:78,2
DA:79,2
DA:80,2
DA:81,1
DA:83,2
DA:88,2
DA:90,0
DA:95,1
DA:96,1
DA:97,1
DA:98,1
DA:99,1
DA:101,0
LF:43
LH:40
BRDA:9,0,0,1
BRDA:9,1,0,1
BRDA:9,2,0,1
BRDA:9,3,0,1
BRDA:9,4,0,1
BRDA:11,5,0,1
BRDA:11,5,1,1
BRDA:50,6,0,1
BRDA:62,7,0,1
BRDA:80,8,0,1
BRF:10
BRH:10
end_of_record
TN:
SF:src/controllers/visit.controller.ts
FN:8,verifyShiftOwnership
FN:19,(anonymous_1)
FN:61,(anonymous_2)
FN:112,(anonymous_3)
FNF:4
FNH:4
FNDA:7,verifyShiftOwnership
FNDA:3,(anonymous_1)
FNDA:4,(anonymous_2)
FNDA:3,(anonymous_3)
DA:2,1
DA:3,1
DA:9,7
DA:12,7
DA:13,6
DA:19,1
DA:20,3
DA:21,3
DA:22,3
DA:23,3
DA:25,2
DA:28,2
DA:34,2
DA:36,1
DA:47,1
DA:52,1
DA:54,2
DA:61,1
DA:62,4
DA:63,4
DA:64,4
DA:65,4
DA:67,3
DA:70,3
DA:76,3
DA:79,2
DA:85,2
DA:87,1
DA:98,1
DA:103,1
DA:105,3
DA:112,1
DA:113,3
DA:114,3
DA:115,3
DA:116,3
DA:118,2
DA:120,1
DA:121,1
DA:128,1
DA:130,2
LF:41
LH:41
BRDA:12,0,0,1
BRDA:23,1,0,1
BRDA:34,2,0,1
BRDA:65,3,0,1
BRDA:76,4,0,1
BRDA:85,5,0,1
BRDA:116,6,0,1
BRDA:120,7,0,0
BRDA:120,8,0,0
BRDA:120,9,0,1
BRDA:120,10,0,1
BRDA:120,11,0,1
BRDA:120,11,1,0
BRF:13
BRH:10
end_of_record
TN:
SF:src/middleware/auth.middleware.ts
FN:23,(anonymous_1)
FN:64,(anonymous_2)
FN:65,(anonymous_3)
FNF:3
FNH:0
FNDA:0,(anonymous_1)
FNDA:0,(anonymous_2)
FNDA:0,(anonymous_3)
DA:2,0
DA:3,0
DA:4,0
DA:23,0
DA:24,0
DA:25,0
DA:26,0
DA:27,0
DA:30,0
DA:31,0
DA:33,0
DA:38,0
DA:39,0
DA:42,0
DA:43,0
DA:46,0
DA:52,0
DA:54,0
DA:55,0
DA:56,0
DA:57,0
DA:59,0
DA:64,0
DA:65,0
DA:66,0
DA:67,0
DA:70,0
DA:71,0
DA:77,0
LF:29
LH:0
BRDA:26,0,0,0
BRDA:38,1,0,0
BRDA:42,2,0,0
BRDA:54,3,0,0
BRDA:54,3,1,0
BRDA:56,4,0,0
BRDA:56,4,1,0
BRDA:66,5,0,0
BRDA:70,6,0,0
BRF:9
BRH:0
end_of_record
TN:
SF:src/middleware/error-logging.middleware.ts
FN:4,(anonymous_0)
FNF:1
FNH:0
FNDA:0,(anonymous_0)
DA:2,0
DA:4,0
DA:10,0
DA:21,0
LF:4
LH:0
BRDA:19,0,0,0
BRDA:19,0,1,0
BRF:2
BRH:0
end_of_record
TN:
SF:src/middleware/pagination.middleware.ts
FN:19,(anonymous_0)
FN:19,(anonymous_1)
FNF:2
FNH:0
FNDA:0,(anonymous_0)
FNDA:0,(anonymous_1)
DA:19,0
DA:24,0
DA:25,0
DA:26,0
DA:27,0
DA:28,0
DA:29,0
DA:31,0
DA:32,0
LF:9
LH:0
BRDA:19,0,0,0
BRDA:19,1,0,0
BRDA:24,2,0,0
BRDA:24,2,1,0
BRDA:25,3,0,0
BRDA:25,3,1,0
BRDA:26,4,0,0
BRDA:29,5,0,0
BRDA:29,5,1,0
BRF:9
BRH:0
end_of_record
TN:
SF:src/middleware/validation.middleware.ts
FN:5,(anonymous_0)
FN:6,(anonymous_1)
FN:16,(anonymous_2)
FNF:3
FNH:0
FNDA:0,(anonymous_0)
FNDA:0,(anonymous_1)
FNDA:0,(anonymous_2)
DA:2,0
DA:3,0
DA:5,0
DA:6,0
DA:7,0
DA:8,0
DA:13,0
DA:15,0
DA:16,0
DA:21,0
DA:23,0
LF:11
LH:0
BRDA:15,0,0,0
BRDA:15,0,1,0
BRF:2
BRH:0
end_of_record
TN:
SF:src/routes/auth.routes.ts
FNF:0
FNH:0
DA:1,0
DA:2,0
DA:3,0
DA:4,0
DA:6,0
DA:68,0
DA:118,0
DA:120,0
LF:8
LH:0
BRF:0
BRH:0
end_of_record
TN:
SF:src/routes/caregiver.routes.ts
FNF:0
FNH:0
DA:1,0
DA:2,0
DA:3,0
DA:4,0
DA:5,0
DA:7,0
DA:58,0
DA:102,0
DA:109,0
LF:9
LH:0
BRF:0
BRH:0
end_of_record
TN:
SF:src/routes/client.routes.ts
FNF:0
FNH:0
DA:1,0
DA:2,0
DA:3,0
DA:4,0
DA:5,0
DA:12,0
DA:18,0
DA:58,0
DA:81,0
DA:110,0
DA:144,0
DA:167,0
DA:169,0
LF:13
LH:0
BRF:0
BRH:0
end_of_record
TN:
SF:src/routes/index.ts
FN:13,(anonymous_1)
FNF:1
FNH:0
FNDA:0,(anonymous_1)
DA:1,0
DA:2,0
DA:3,0
DA:4,0
DA:5,0
DA:6,0
DA:7,0
DA:8,0
DA:10,0
DA:13,0
DA:14,0
DA:18,0
DA:19,0
DA:20,0
DA:21,0
DA:22,0
DA:23,0
DA:24,0
DA:26,0
LF:19
LH:0
BRF:0
BRH:0
end_of_record
TN:
SF:src/routes/role.routes.ts
FNF:0
FNH:0
DA:1,0
DA:2,0
DA:3,0
DA:4,0
DA:5,0
DA:12,0
DA:18,0
DA:78,0
DA:121,0
DA:167,0
DA:228,0
DA:264,0
DA:271,0
LF:13
LH:0
BRF:0
BRH:0
end_of_record
TN:
SF:src/routes/shift.routes.ts
FNF:0
FNH:0
DA:1,0
DA:2,0
DA:3,0
DA:4,0
DA:5,0
DA:13,0
DA:19,0
DA:57,0
DA:95,0
DA:196,0
DA:197,0
DA:198,0
DA:200,0
DA:201,0
DA:202,0
DA:204,0
LF:16
LH:0
BRF:0
BRH:0
end_of_record
TN:
SF:src/routes/user.routes.ts
FNF:0
FNH:0
DA:1,0
DA:2,0
DA:12,0
DA:93,0
DA:95,0
DA:166,0
DA:168,0
DA:169,0
DA:214,0
LF:9
LH:0
BRF:0
BRH:0
end_of_record
TN:
SF:src/routes/visit.routes.ts
FNF:0
FNH:0
DA:1,0
DA:2,0
DA:3,0
DA:4,0
DA:5,0
DA:10,0
DA:15,0
DA:60,0
DA:98,0
DA:135,0
DA:142,0
LF:11
LH:0
BRF:0
BRH:0
end_of_record
TN:
SF:src/utils/error.ts
FN:8,(anonymous_0)
FN:18,(anonymous_1)
FN:22,(anonymous_2)
FN:26,(anonymous_3)
FN:30,(anonymous_4)
FN:34,(anonymous_5)
FNF:6
FNH:1
FNDA:33,(anonymous_0)
FNDA:0,(anonymous_1)
FNDA:0,(anonymous_2)
FNDA:0,(anonymous_3)
FNDA:0,(anonymous_4)
FNDA:0,(anonymous_5)
DA:7,7
DA:10,33
DA:11,33
DA:13,33
DA:14,33
DA:15,33
DA:19,0
DA:23,0
DA:27,0
DA:31,0
DA:35,0
LF:11
LH:6
BRDA:22,0,0,0
BRDA:26,1,0,0
BRDA:30,2,0,0
BRF:3
BRH:0
end_of_record
TN:
SF:src/validations/auth.validation.ts
FNF:0
FNH:0
DA:1,0
DA:3,0
DA:13,0
LF:3
LH:0
BRF:0
BRH:0
end_of_record
TN:
SF:src/validations/caregiver.validation.ts
FNF:0
FNH:0
DA:1,0
DA:3,0
DA:11,0
DA:18,0
LF:4
LH:0
BRF:0
BRH:0
end_of_record
TN:
SF:src/validations/client.validation.ts
FNF:0
FNH:0
DA:1,0
DA:3,0
DA:9,0
DA:16,0
LF:4
LH:0
BRF:0
BRH:0
end_of_record
TN:
SF:src/validations/role.validation.ts
FNF:0
FNH:0
DA:1,0
DA:3,0
DA:10,0
DA:20,0
LF:4
LH:0
BRF:0
BRH:0
end_of_record
TN:
SF:src/validations/shift.validation.ts
FNF:0
FNH:0
DA:1,0
DA:4,0
DA:15,0
DA:27,0
LF:4
LH:0
BRF:0
BRH:0
end_of_record
TN:
SF:src/validations/user.validation.ts
FN:20,(anonymous_0)
FNF:1
FNH:0
FNDA:0,(anonymous_0)
DA:1,0
DA:3,0
DA:13,0
DA:20,0
LF:4
LH:0
BRF:0
BRH:0
end_of_record
TN:
SF:src/validations/visit.validation.ts
FNF:0
FNH:0
DA:1,0
DA:3,0
DA:9,0
LF:3
LH:0
BRF:0
BRH:0
end_of_record
